{"uuid":"aa957feb-516e-4361-bcf7-ba75d922c1b8","historyId":"eab7f218bce351b3db555944b587b480","fullName":"io.cucumber.testng.AbstractTestNGCucumberTests.setUpClass","labels":[{"name":"package","value":"Runnerclass.TestRunner"},{"name":"testClass","value":"Runnerclass.TestRunner"},{"name":"testMethod","value":"setUpClass"},{"name":"parentSuite","value":"Default Suite"},{"name":"suite","value":"WebAutomation"},{"name":"subSuite","value":"Runnerclass.TestRunner"},{"name":"host","value":"DESKTOP-52Q21LU"},{"name":"thread","value":"26564@DESKTOP-52Q21LU.main(1)"},{"name":"framework","value":"testng"},{"name":"language","value":"java"},{"name":"AS_ID","value":"-1"}],"links":[],"name":"setUpClass","status":"broken","statusDetails":{"known":false,"muted":false,"flaky":false,"message":"Couldn't create parent directories of 'C:\\Users\\Admin\\OneDrive\\Desktop\\WebAutomation\\target\\cucumber-reports\\cucumber-html.html'.\nMake sure the the parent directory 'C:\\Users\\Admin\\OneDrive\\Desktop\\WebAutomation\\target\\cucumber-reports' isn't a file.\n\nNote: This usually happens when plugins write to colliding paths.\nFor example: 'html:target/cucumber, json:target/cucumber/report.json'\nYou can fix this by making the paths do no collide.\nFor example: 'html:target/cucumber/report.html, json:target/cucumber/report.json'\nThe details are in the stack trace below:","trace":"java.lang.IllegalArgumentException: Couldn't create parent directories of 'C:\\Users\\Admin\\OneDrive\\Desktop\\WebAutomation\\target\\cucumber-reports\\cucumber-html.html'.\nMake sure the the parent directory 'C:\\Users\\Admin\\OneDrive\\Desktop\\WebAutomation\\target\\cucumber-reports' isn't a file.\n\nNote: This usually happens when plugins write to colliding paths.\nFor example: 'html:target/cucumber, json:target/cucumber/report.json'\nYou can fix this by making the paths do no collide.\nFor example: 'html:target/cucumber/report.html, json:target/cucumber/report.json'\nThe details are in the stack trace below:\r\n\tat io.cucumber.core.plugin.PluginFactory.createFileOutputStream(PluginFactory.java:222)\r\n\tat io.cucumber.core.plugin.PluginFactory.openStream(PluginFactory.java:199)\r\n\tat io.cucumber.core.plugin.PluginFactory.convert(PluginFactory.java:166)\r\n\tat io.cucumber.core.plugin.PluginFactory.instantiate(PluginFactory.java:99)\r\n\tat io.cucumber.core.plugin.PluginFactory.create(PluginFactory.java:63)\r\n\tat io.cucumber.core.plugin.Plugins.createPlugins(Plugins.java:32)\r\n\tat io.cucumber.core.plugin.Plugins.<init>(Plugins.java:25)\r\n\tat io.cucumber.testng.TestNGCucumberRunner.<init>(TestNGCucumberRunner.java:108)\r\n\tat io.cucumber.testng.AbstractTestNGCucumberTests.setUpClass(AbstractTestNGCucumberTests.java:27)\r\n\tat java.base/jdk.internal.reflect.DirectMethodHandleAccessor.invoke(DirectMethodHandleAccessor.java:103)\r\n\tat java.base/java.lang.reflect.Method.invoke(Method.java:580)\r\n\tat org.testng.internal.invokers.MethodInvocationHelper.invokeMethod(MethodInvocationHelper.java:141)\r\n\tat org.testng.internal.invokers.MethodInvocationHelper.invokeMethodConsideringTimeout(MethodInvocationHelper.java:71)\r\n\tat org.testng.internal.invokers.ConfigInvoker.invokeConfigurationMethod(ConfigInvoker.java:400)\r\n\tat org.testng.internal.invokers.ConfigInvoker.invokeConfigurations(ConfigInvoker.java:333)\r\n\tat org.testng.internal.invokers.TestMethodWorker.invokeBeforeClassMethods(TestMethodWorker.java:188)\r\n\tat org.testng.internal.invokers.TestMethodWorker.run(TestMethodWorker.java:128)\r\n\tat java.base/java.util.ArrayList.forEach(ArrayList.java:1596)\r\n\tat org.testng.TestRunner.privateRun(TestRunner.java:741)\r\n\tat org.testng.TestRunner.run(TestRunner.java:616)\r\n\tat org.testng.SuiteRunner.runTest(SuiteRunner.java:421)\r\n\tat org.testng.SuiteRunner.runSequentially(SuiteRunner.java:413)\r\n\tat org.testng.SuiteRunner.privateRun(SuiteRunner.java:373)\r\n\tat org.testng.SuiteRunner.run(SuiteRunner.java:312)\r\n\tat org.testng.SuiteRunnerWorker.runSuite(SuiteRunnerWorker.java:52)\r\n\tat org.testng.SuiteRunnerWorker.run(SuiteRunnerWorker.java:95)\r\n\tat org.testng.TestNG.runSuitesSequentially(TestNG.java:1274)\r\n\tat org.testng.TestNG.runSuitesLocally(TestNG.java:1208)\r\n\tat org.testng.TestNG.runSuites(TestNG.java:1112)\r\n\tat org.testng.TestNG.run(TestNG.java:1079)\r\n\tat com.intellij.rt.testng.IDEARemoteTestNG.run(IDEARemoteTestNG.java:65)\r\n\tat com.intellij.rt.testng.RemoteTestNGStarter.main(RemoteTestNGStarter.java:105)\r\nCaused by: java.nio.file.FileAlreadyExistsException: C:\\Users\\Admin\\OneDrive\\Desktop\\WebAutomation\\target\\cucumber-reports\r\n\tat java.base/sun.nio.fs.WindowsException.translateToIOException(WindowsException.java:87)\r\n\tat java.base/sun.nio.fs.WindowsException.rethrowAsIOException(WindowsException.java:103)\r\n\tat java.base/sun.nio.fs.WindowsException.rethrowAsIOException(WindowsException.java:108)\r\n\tat java.base/sun.nio.fs.WindowsFileSystemProvider.createDirectory(WindowsFileSystemProvider.java:527)\r\n\tat java.base/java.nio.file.Files.createDirectory(Files.java:699)\r\n\tat java.base/java.nio.file.Files.createAndCheckIsDirectory(Files.java:807)\r\n\tat java.base/java.nio.file.Files.createDirectories(Files.java:752)\r\n\tat io.cucumber.core.plugin.PluginFactory.createFileOutputStream(PluginFactory.java:218)\r\n\t... 31 more\r\n"},"stage":"finished","steps":[],"attachments":[],"parameters":[],"start":1759201627566,"stop":1759201627569}